{
  "stats": {
    "suites": 1,
    "tests": 3,
    "passes": 3,
    "pending": 0,
    "failures": 0,
    "start": "2021-10-17T17:43:55.121Z",
    "end": "2021-10-17T17:43:58.731Z",
    "duration": 3610,
    "testsRegistered": 3,
    "passPercent": 100,
    "pendingPercent": 0,
    "other": 0,
    "hasOther": false,
    "skipped": 0,
    "hasSkipped": false
  },
  "results": [
    {
      "uuid": "6b4fef0c-ec16-431d-8091-7b1f4e3d469a",
      "title": "",
      "fullFile": "cypress/integration/home.spec.ts",
      "file": "cypress/integration/home.spec.ts",
      "beforeHooks": [],
      "afterHooks": [],
      "tests": [],
      "suites": [
        {
          "uuid": "76a5f060-9285-437d-bc9b-939ba8982765",
          "title": "Ponyracer",
          "fullFile": "",
          "file": "",
          "beforeHooks": [],
          "afterHooks": [],
          "tests": [
            {
              "title": "should display title on home page",
              "fullTitle": "Ponyracer should display title on home page",
              "timedOut": null,
              "duration": 2539,
              "state": "passed",
              "speed": "slow",
              "pass": true,
              "fail": false,
              "pending": false,
              "context": null,
              "code": "cy.visit('/');\ncy.contains('h1', 'Ponyracer');",
              "err": {},
              "uuid": "e94ede60-bead-4f25-90af-b7ff29f97e3b",
              "parentUUID": "76a5f060-9285-437d-bc9b-939ba8982765",
              "isHook": false,
              "skipped": false
            },
            {
              "title": "should display a navbar",
              "fullTitle": "Ponyracer should display a navbar",
              "timedOut": null,
              "duration": 567,
              "state": "passed",
              "speed": "slow",
              "pass": true,
              "fail": false,
              "pending": false,
              "context": null,
              "code": "cy.visit('/');\ncy.contains(navbarBrand, 'PonyRacer');\ncy.contains(navbarLink, 'Races');",
              "err": {},
              "uuid": "65789751-c719-43f2-acf2-52d6d702ef37",
              "parentUUID": "76a5f060-9285-437d-bc9b-939ba8982765",
              "isHook": false,
              "skipped": false
            },
            {
              "title": "should display a navbar collapsed on small screen",
              "fullTitle": "Ponyracer should display a navbar collapsed on small screen",
              "timedOut": null,
              "duration": 446,
              "state": "passed",
              "speed": "slow",
              "pass": true,
              "fail": false,
              "pending": false,
              "context": null,
              "code": "cy.viewport('iphone-6+');\ncy.visit('/');\ncy.contains(navbarBrand, 'PonyRacer');\ncy.get(navbarLink).should('not.be.visible');\n// toggle the navbar\ncy.get('.navbar-toggler').click();\ncy.get(navbarLink).should('be.visible');",
              "err": {},
              "uuid": "07d98735-cebe-4f23-8065-8f5131293e1b",
              "parentUUID": "76a5f060-9285-437d-bc9b-939ba8982765",
              "isHook": false,
              "skipped": false
            }
          ],
          "suites": [],
          "passes": [
            "e94ede60-bead-4f25-90af-b7ff29f97e3b",
            "65789751-c719-43f2-acf2-52d6d702ef37",
            "07d98735-cebe-4f23-8065-8f5131293e1b"
          ],
          "failures": [],
          "pending": [],
          "skipped": [],
          "duration": 3552,
          "root": false,
          "rootEmpty": false,
          "_timeout": 2000
        }
      ],
      "passes": [],
      "failures": [],
      "pending": [],
      "skipped": [],
      "duration": 0,
      "root": true,
      "rootEmpty": true,
      "_timeout": 2000
    }
  ],
  "meta": {
    "mocha": {
      "version": "7.0.1"
    },
    "mochawesome": {
      "options": {
        "quiet": false,
        "reportFilename": "mochawesome",
        "saveHtml": false,
        "saveJson": true,
        "consoleReporter": "spec",
        "useInlineDiffs": false,
        "code": true
      },
      "version": "6.2.2"
    },
    "marge": {
      "options": {
        "reportDir": "results/mochawesome",
        "overwrite": false,
        "html": false,
        "json": true
      },
      "version": "5.2.0"
    }
  }
}