{
  "stats": {
    "suites": 1,
    "tests": 1,
    "passes": 0,
    "pending": 0,
    "failures": 1,
    "start": "2021-10-17T17:44:01.994Z",
    "end": "2021-10-17T17:44:08.392Z",
    "duration": 6398,
    "testsRegistered": 1,
    "passPercent": 0,
    "pendingPercent": 0,
    "other": 0,
    "hasOther": false,
    "skipped": 0,
    "hasSkipped": false
  },
  "results": [
    {
      "uuid": "7155fa74-b108-4468-8ec2-7a8486d29dca",
      "title": "",
      "fullFile": "cypress/integration/spec.ts",
      "file": "cypress/integration/spec.ts",
      "beforeHooks": [],
      "afterHooks": [],
      "tests": [],
      "suites": [
        {
          "uuid": "e07e12fe-1012-4681-9116-7f97dd235ac3",
          "title": "My First Test",
          "fullFile": "",
          "file": "",
          "beforeHooks": [],
          "afterHooks": [],
          "tests": [
            {
              "title": "Visits the initial project page",
              "fullTitle": "My First Test Visits the initial project page",
              "timedOut": null,
              "duration": 6335,
              "state": "failed",
              "speed": null,
              "pass": false,
              "fail": true,
              "pending": false,
              "context": null,
              "code": "cy.visit('/');\ncy.contains('Welcome');\ncy.contains('sandbox app is running!');",
              "err": {
                "message": "Error: EPERM: operation not permitted, open 'C:\\Users\\kumar\\Desktop\\Angular\\ponyracer\\cypress\\screenshots\\spec.ts\\My First Test -- Visits the initial project page (failed).png'",
                "estack": "Error: EPERM: operation not permitted, open 'C:\\Users\\kumar\\Desktop\\Angular\\ponyracer\\cypress\\screenshots\\spec.ts\\My First Test -- Visits the initial project page (failed).png'\n\n",
                "diff": null
              },
              "uuid": "564bd19b-ddf2-470d-94a0-26deb1a913b9",
              "parentUUID": "e07e12fe-1012-4681-9116-7f97dd235ac3",
              "isHook": false,
              "skipped": false
            }
          ],
          "suites": [],
          "passes": [],
          "failures": [
            "564bd19b-ddf2-470d-94a0-26deb1a913b9"
          ],
          "pending": [],
          "skipped": [],
          "duration": 6335,
          "root": false,
          "rootEmpty": false,
          "_timeout": 2000
        }
      ],
      "passes": [],
      "failures": [],
      "pending": [],
      "skipped": [],
      "duration": 0,
      "root": true,
      "rootEmpty": true,
      "_timeout": 2000
    }
  ],
  "meta": {
    "mocha": {
      "version": "7.0.1"
    },
    "mochawesome": {
      "options": {
        "quiet": false,
        "reportFilename": "mochawesome",
        "saveHtml": false,
        "saveJson": true,
        "consoleReporter": "spec",
        "useInlineDiffs": false,
        "code": true
      },
      "version": "6.2.2"
    },
    "marge": {
      "options": {
        "reportDir": "results/mochawesome",
        "overwrite": false,
        "html": false,
        "json": true
      },
      "version": "5.2.0"
    }
  }
}