{
  "stats": {
    "suites": 1,
    "tests": 1,
    "passes": 0,
    "pending": 0,
    "failures": 1,
    "start": "2023-01-07T16:21:05.915Z",
    "end": "2023-01-07T16:21:10.412Z",
    "duration": 4497,
    "testsRegistered": 1,
    "passPercent": 0,
    "pendingPercent": 0,
    "other": 0,
    "hasOther": false,
    "skipped": 0,
    "hasSkipped": false
  },
  "results": [
    {
      "uuid": "813ac57d-1630-40b7-a0ec-8cb20e896f17",
      "title": "",
      "fullFile": "cypress\\e2e\\spec.cy.ts",
      "file": "cypress\\e2e\\spec.cy.ts",
      "beforeHooks": [],
      "afterHooks": [],
      "tests": [],
      "suites": [
        {
          "uuid": "ba6d9790-06cb-45fa-bcae-6cb91f4532d3",
          "title": "My First Test",
          "fullFile": "",
          "file": "",
          "beforeHooks": [],
          "afterHooks": [],
          "tests": [
            {
              "title": "Visits the initial project page",
              "fullTitle": "My First Test Visits the initial project page",
              "timedOut": null,
              "duration": 4467,
              "state": "failed",
              "speed": null,
              "pass": false,
              "fail": true,
              "pending": false,
              "context": null,
              "code": "cy.visit('/');\ncy.contains('app is running!');",
              "err": {
                "message": "AssertionError: Timed out retrying after 4000ms: Expected to find content: 'app is running!' but never did.",
                "estack": "AssertionError: Timed out retrying after 4000ms: Expected to find content: 'app is running!' but never did.\n    at Context.eval (webpack:///./cypress/e2e/spec.cy.ts:4:7)",
                "diff": null
              },
              "uuid": "a9e8fb12-e2b4-4eed-acb2-76cb2bccf409",
              "parentUUID": "ba6d9790-06cb-45fa-bcae-6cb91f4532d3",
              "isHook": false,
              "skipped": false
            }
          ],
          "suites": [],
          "passes": [],
          "failures": [
            "a9e8fb12-e2b4-4eed-acb2-76cb2bccf409"
          ],
          "pending": [],
          "skipped": [],
          "duration": 4467,
          "root": false,
          "rootEmpty": false,
          "_timeout": 2000
        }
      ],
      "passes": [],
      "failures": [],
      "pending": [],
      "skipped": [],
      "duration": 0,
      "root": true,
      "rootEmpty": true,
      "_timeout": 2000
    }
  ],
  "meta": {
    "mocha": {
      "version": "7.0.1"
    },
    "mochawesome": {
      "options": {
        "quiet": false,
        "reportFilename": "mochawesome",
        "saveHtml": false,
        "saveJson": true,
        "consoleReporter": "spec",
        "useInlineDiffs": false,
        "code": true
      },
      "version": "7.1.3"
    },
    "marge": {
      "options": {
        "reportDir": "results/mochawesome",
        "overwrite": false,
        "html": false,
        "json": true
      },
      "version": "6.2.0"
    }
  }
}